C51 COMPILER V9.60.0.0   DELAY                                                             09/08/2021 13:11:08 PAGE 1   


C51 COMPILER V9.60.0.0, COMPILATION OF MODULE DELAY
OBJECT MODULE PLACED IN .\Objects\delay.obj
COMPILER INVOKED BY: D:\Keil_v5\C51\BIN\C51.EXE ..\Src\delay.c OPTIMIZE(8,SPEED) BROWSE INCDIR(..\Inc) DEBUG OBJECTEXTEN
                    -D PRINT(.\Listings\delay.lst) OBJECT(.\Objects\delay.obj)

line level    source

   1          #include "delay.h"
   2          #include "intrins.h"
   3          void delay_ms(unsigned int nms) //11.0592MHZ
   4          {
   5   1          unsigned int cnt;
   6   1          unsigned char i, j;
   7   1          for (cnt = 0; cnt < nms; cnt++)
   8   1          {
   9   2              i = 15;
  10   2              j = 90;
  11   2              do
  12   2              {
  13   3                  while (--j)
  14   3                      ;
  15   3              } while (--i);
  16   2          }
  17   1      }
  18          void delay_us(unsigned int nus)
  19          {
  20   1          unsigned char i;
  21   1          unsigned int cnt;
  22   1          for (cnt = 0; cnt < nus; cnt++)
  23   1          {
  24   2              _nop_();
  25   2              _nop_();
  26   2              i = 1;
  27   2              while (--i)
  28   2                  ;
  29   2          }
  30   1      }


MODULE INFORMATION:   STATIC OVERLAYABLE
   CODE SIZE        =     50    ----
   CONSTANT SIZE    =   ----    ----
   XDATA SIZE       =   ----    ----
   PDATA SIZE       =   ----    ----
   DATA SIZE        =   ----    ----
   IDATA SIZE       =   ----    ----
   BIT SIZE         =   ----    ----
END OF MODULE INFORMATION.


C51 COMPILATION COMPLETE.  0 WARNING(S),  0 ERROR(S)
