C51 COMPILER V9.60.0.0   SMG                                                               09/13/2021 13:25:33 PAGE 1   


C51 COMPILER V9.60.0.0, COMPILATION OF MODULE SMG
OBJECT MODULE PLACED IN .\Objects\smg.obj
COMPILER INVOKED BY: D:\Keil_v5\C51\BIN\C51.EXE ..\Src\smg.c OPTIMIZE(7,SPEED) BROWSE INCDIR(..\Inc) DEBUG OBJECTEXTEND 
                    -PRINT(.\Listings\smg.lst) OBJECT(.\Objects\smg.obj)

line level    source

   1          #include "smg.h"
   2          #include "bsp_lib.h"
   3          unsigned char code smgduan[21] = {0x3f, 0x06, 0x5b, 0x4f, 0x66, 0x6d, 0x7d,
   4                                            0x07, 0x7f, 0x6f, 0x77, 0x7c, 0x39, 0x5e, 0x79, 0x71, 0x79, 0x76, 0x38, 
             -0x73, 0x3e};
   5          //      {'E', 0x79},{'H', 0x76},{'L', 0x38},{'P', 0x73},{'U', 0x3E},
   6          
   7          void display(u8 cnt, u8 hex)
   8          {
   9   1          if (cnt == 3)
  10   1          {
  11   2              SMG_1 = 0;
  12   2              SMG_2 = 1;
  13   2              SMG_3 = 1;
  14   2              SMG_IO1 = smgduan[hex] & (0x01 << 0);
  15   2              SMG_IO2 = smgduan[hex] & (0x01 << 1);
  16   2              SMG_IO3 = smgduan[hex] & (0x01 << 2);
  17   2              SMG_IO4 = smgduan[hex] & (0x01 << 3);
  18   2              SMG_IO5 = smgduan[hex] & (0x01 << 4);
  19   2              SMG_IO6 = smgduan[hex] & (0x01 << 5);
  20   2              SMG_IO7 = smgduan[hex] & (0x01 << 6);
  21   2              SMG_IO8 = smgduan[hex] & (0x01 << 7);
  22   2          }
  23   1          else if (cnt == 2)
  24   1          {
  25   2              SMG_1 = 1;
  26   2              SMG_2 = 0;
  27   2              SMG_3 = 1;
  28   2              SMG_IO1 = smgduan[hex] & (0x01 << 0);
  29   2              SMG_IO2 = smgduan[hex] & (0x01 << 1);
  30   2              SMG_IO3 = smgduan[hex] & (0x01 << 2);
  31   2              SMG_IO4 = smgduan[hex] & (0x01 << 3);
  32   2              SMG_IO5 = smgduan[hex] & (0x01 << 4);
  33   2              SMG_IO6 = smgduan[hex] & (0x01 << 5);
  34   2              SMG_IO7 = smgduan[hex] & (0x01 << 6);
  35   2              SMG_IO8 = smgduan[hex] & (0x01 << 7);
  36   2          }
  37   1          else if (cnt == 1)
  38   1          {
  39   2              SMG_1 = 1;
  40   2              SMG_2 = 1;
  41   2              SMG_3 = 0;
  42   2              SMG_IO1 = smgduan[hex] & (0x01 << 0);
  43   2              SMG_IO2 = smgduan[hex] & (0x01 << 1);
  44   2              SMG_IO3 = smgduan[hex] & (0x01 << 2);
  45   2              SMG_IO4 = smgduan[hex] & (0x01 << 3);
  46   2              SMG_IO5 = smgduan[hex] & (0x01 << 4);
  47   2              SMG_IO6 = smgduan[hex] & (0x01 << 5);
  48   2              SMG_IO7 = smgduan[hex] & (0x01 << 6);
  49   2              SMG_IO8 = smgduan[hex] & (0x01 << 7);
  50   2          }
  51   1          else
  52   1          {
  53   2              SMG_1 = 1;
C51 COMPILER V9.60.0.0   SMG                                                               09/13/2021 13:25:33 PAGE 2   

  54   2              SMG_2 = 1;
  55   2              SMG_3 = 1;
  56   2          }
  57   1      }


MODULE INFORMATION:   STATIC OVERLAYABLE
   CODE SIZE        =    154    ----
   CONSTANT SIZE    =     21    ----
   XDATA SIZE       =   ----    ----
   PDATA SIZE       =   ----    ----
   DATA SIZE        =   ----    ----
   IDATA SIZE       =   ----    ----
   BIT SIZE         =   ----    ----
END OF MODULE INFORMATION.


C51 COMPILATION COMPLETE.  0 WARNING(S),  0 ERROR(S)
